<?xml version="1.0" encoding="UTF-8"?>
<testng-results skipped="0" failed="0" ignored="0" total="2" passed="2">
  <reporter-output>
  </reporter-output>
  <suite name="Default suite" duration-ms="11078" started-at="2023-02-07T10:22:01 IST" finished-at="2023-02-07T10:22:12 IST">
    <groups>
    </groups>
    <test name="Default test" duration-ms="11078" started-at="2023-02-07T10:22:01 IST" finished-at="2023-02-07T10:22:12 IST">
      <class name="com.TestNG.DataProviderDemo">
        <test-method status="PASS" signature="userLogin(java.lang.String,java.lang.String)[pri:0, instance:com.TestNG.DataProviderDemo@26a7b76d]" name="userLogin" duration-ms="4823" started-at="2023-02-07T10:22:01 IST" data-provider="data" finished-at="2023-02-07T10:22:06 IST">
          <params>
            <param index="0">
              <value>
                <![CDATA[Admin]]>
              </value>
            </param>
            <param index="1">
              <value>
                <![CDATA[admin123]]>
              </value>
            </param>
          </params>
          <reporter-output>
          </reporter-output>
        </test-method> <!-- userLogin -->
        <test-method status="PASS" signature="userLogin(java.lang.String,java.lang.String)[pri:0, instance:com.TestNG.DataProviderDemo@26a7b76d]" name="userLogin" duration-ms="6203" started-at="2023-02-07T10:22:06 IST" data-provider="data" finished-at="2023-02-07T10:22:12 IST">
          <params>
            <param index="0">
              <value>
                <![CDATA[karthi]]>
              </value>
            </param>
            <param index="1">
              <value>
                <![CDATA[smk@123]]>
              </value>
            </param>
          </params>
          <reporter-output>
          </reporter-output>
        </test-method> <!-- userLogin -->
      </class> <!-- com.TestNG.DataProviderDemo -->
    </test> <!-- Default test -->
  </suite> <!-- Default suite -->
</testng-results>
